<?xml version="1.0" encoding="UTF-8"?>
<!-- Generated by org.testng.reporters.JUnitReportReporter -->
<testsuite hostname="DESKTOP-85L2C5S" failures="0" tests="1" name="script.InvalidLogin" time="40.018" errors="0" timestamp="2024-03-27T11:33:12 IST" skipped="0">
  <testcase classname="script.InvalidLogin" name="testInvalidLogin" time="40.018">
    <system-out>
      <![CDATA[ErrMsg is Displayed:Invalid username and/or password.]]>
    </system-out>
  </testcase> <!-- testInvalidLogin -->
  <system-out>
    <![CDATA[ErrMsg is Displayed:Invalid username and/or password.]]>
  </system-out>
</testsuite> <!-- script.InvalidLogin -->
